2024-05-14 12:13:09,132 INFO  [main] com.tpe.SpringJwtApplication:Starting SpringJwtApplication using Java 17.0.11 on veli with PID 13976 (C:\Users\Administrator\Desktop\PROGRAMCILIK\SpringBoot\spring-jwt\spring-jwt\target\classes started by Administrator in C:\Users\Administrator\Desktop\PROGRAMCILIK\SpringBoot\spring-jwt)
2024-05-14 12:13:09,136 INFO  [main] com.tpe.SpringJwtApplication:No active profile set, falling back to 1 default profile: "default"
2024-05-14 12:13:12,179 INFO  [main] org.springframework.data.repository.config.RepositoryConfigurationDelegate:Bootstrapping Spring Data JPA repositories in DEFAULT mode.
2024-05-14 12:13:12,354 INFO  [main] org.springframework.data.repository.config.RepositoryConfigurationDelegate:Finished Spring Data repository scanning in 149 ms. Found 2 JPA repository interfaces.
2024-05-14 12:13:15,364 INFO  [main] org.springframework.boot.web.embedded.tomcat.TomcatWebServer:Tomcat initialized with port(s): 8080 (http)
2024-05-14 12:13:15,392 INFO  [main] org.apache.catalina.core.StandardService:Starting service [Tomcat]
2024-05-14 12:13:15,393 INFO  [main] org.apache.catalina.core.StandardEngine:Starting Servlet engine: [Apache Tomcat/9.0.58]
2024-05-14 12:13:16,028 INFO  [main] org.apache.catalina.core.ContainerBase.[Tomcat].[localhost].[/]:Initializing Spring embedded WebApplicationContext
2024-05-14 12:13:16,030 INFO  [main] org.springframework.boot.web.servlet.context.ServletWebServerApplicationContext:Root WebApplicationContext: initialization completed in 6726 ms
2024-05-14 12:13:16,589 INFO  [main] org.hibernate.jpa.internal.util.LogHelper:HHH000204: Processing PersistenceUnitInfo [name: default]
2024-05-14 12:13:16,800 INFO  [main] org.hibernate.Version:HHH000412: Hibernate ORM core version 5.6.5.Final
2024-05-14 12:13:17,490 INFO  [main] org.hibernate.annotations.common.Version:HCANN000001: Hibernate Commons Annotations {5.1.2.Final}
2024-05-14 12:13:17,724 INFO  [main] com.zaxxer.hikari.HikariDataSource:HikariPool-1 - Starting...
2024-05-14 12:13:18,279 INFO  [main] com.zaxxer.hikari.HikariDataSource:HikariPool-1 - Start completed.
2024-05-14 12:13:18,322 INFO  [main] org.hibernate.dialect.Dialect:HHH000400: Using dialect: org.hibernate.dialect.PostgreSQLDialect
2024-05-14 12:13:21,058 INFO  [main] org.hibernate.engine.transaction.jta.platform.internal.JtaPlatformInitiator:HHH000490: Using JtaPlatform implementation: [org.hibernate.engine.transaction.jta.platform.internal.NoJtaPlatform]
2024-05-14 12:13:21,075 INFO  [main] org.springframework.orm.jpa.LocalContainerEntityManagerFactoryBean:Initialized JPA EntityManagerFactory for persistence unit 'default'
2024-05-14 12:13:22,098 WARN  [main] org.springframework.boot.autoconfigure.orm.jpa.JpaBaseConfiguration$JpaWebConfiguration:spring.jpa.open-in-view is enabled by default. Therefore, database queries may be performed during view rendering. Explicitly configure spring.jpa.open-in-view to disable this warning
2024-05-14 12:13:23,904 INFO  [main] org.springframework.security.web.DefaultSecurityFilterChain:Will not secure any request
2024-05-14 12:13:25,519 INFO  [main] org.springframework.boot.web.embedded.tomcat.TomcatWebServer:Tomcat started on port(s): 8080 (http) with context path ''
2024-05-14 12:13:25,540 INFO  [main] com.tpe.SpringJwtApplication:Started SpringJwtApplication in 17.949 seconds (JVM running for 19.061)
2024-05-14 12:19:19,052 INFO  [http-nio-8080-exec-1] org.apache.catalina.core.ContainerBase.[Tomcat].[localhost].[/]:Initializing Spring DispatcherServlet 'dispatcherServlet'
2024-05-14 12:19:19,234 WARN  [http-nio-8080-exec-1] org.springframework.web.servlet.mvc.support.DefaultHandlerExceptionResolver:Resolved [org.springframework.web.HttpRequestMethodNotSupportedException: Request method 'GET' not supported]
2024-05-14 14:49:26,154 WARN  [HikariPool-1 housekeeper] com.zaxxer.hikari.pool.HikariPool:HikariPool-1 - Thread starvation or clock leap detected (housekeeper delta=2h5m37s226ms876µs100ns).
2024-05-14 15:07:09,917 INFO  [SpringApplicationShutdownHook] org.springframework.orm.jpa.LocalContainerEntityManagerFactoryBean:Closing JPA EntityManagerFactory for persistence unit 'default'
2024-05-14 15:40:30,425 INFO  [main] com.tpe.SpringJwtApplication:Starting SpringJwtApplication using Java 17.0.11 on veli with PID 7196 (C:\Users\Administrator\Desktop\PROGRAMCILIK\SpringBoot\spring-jwt\spring-jwt\target\classes started by Administrator in C:\Users\Administrator\Desktop\PROGRAMCILIK\SpringBoot\spring-jwt)
2024-05-14 15:40:30,433 INFO  [main] com.tpe.SpringJwtApplication:No active profile set, falling back to 1 default profile: "default"
2024-05-14 15:40:32,476 INFO  [main] org.springframework.data.repository.config.RepositoryConfigurationDelegate:Bootstrapping Spring Data JPA repositories in DEFAULT mode.
2024-05-14 15:40:32,621 INFO  [main] org.springframework.data.repository.config.RepositoryConfigurationDelegate:Finished Spring Data repository scanning in 126 ms. Found 2 JPA repository interfaces.
2024-05-14 15:40:34,252 INFO  [main] org.springframework.boot.web.embedded.tomcat.TomcatWebServer:Tomcat initialized with port(s): 8080 (http)
2024-05-14 15:40:34,278 INFO  [main] org.apache.catalina.core.StandardService:Starting service [Tomcat]
2024-05-14 15:40:34,279 INFO  [main] org.apache.catalina.core.StandardEngine:Starting Servlet engine: [Apache Tomcat/9.0.58]
2024-05-14 15:40:34,479 INFO  [main] org.apache.catalina.core.ContainerBase.[Tomcat].[localhost].[/]:Initializing Spring embedded WebApplicationContext
2024-05-14 15:40:34,480 INFO  [main] org.springframework.boot.web.servlet.context.ServletWebServerApplicationContext:Root WebApplicationContext: initialization completed in 3913 ms
2024-05-14 15:40:34,889 INFO  [main] org.hibernate.jpa.internal.util.LogHelper:HHH000204: Processing PersistenceUnitInfo [name: default]
2024-05-14 15:40:35,059 INFO  [main] org.hibernate.Version:HHH000412: Hibernate ORM core version 5.6.5.Final
2024-05-14 15:40:35,822 INFO  [main] org.hibernate.annotations.common.Version:HCANN000001: Hibernate Commons Annotations {5.1.2.Final}
2024-05-14 15:40:36,072 INFO  [main] com.zaxxer.hikari.HikariDataSource:HikariPool-1 - Starting...
2024-05-14 15:40:36,596 INFO  [main] com.zaxxer.hikari.HikariDataSource:HikariPool-1 - Start completed.
2024-05-14 15:40:36,657 INFO  [main] org.hibernate.dialect.Dialect:HHH000400: Using dialect: org.hibernate.dialect.PostgreSQLDialect
2024-05-14 15:40:39,136 INFO  [main] org.hibernate.engine.transaction.jta.platform.internal.JtaPlatformInitiator:HHH000490: Using JtaPlatform implementation: [org.hibernate.engine.transaction.jta.platform.internal.NoJtaPlatform]
2024-05-14 15:40:39,146 INFO  [main] org.springframework.orm.jpa.LocalContainerEntityManagerFactoryBean:Initialized JPA EntityManagerFactory for persistence unit 'default'
2024-05-14 15:40:39,827 WARN  [main] org.springframework.boot.autoconfigure.orm.jpa.JpaBaseConfiguration$JpaWebConfiguration:spring.jpa.open-in-view is enabled by default. Therefore, database queries may be performed during view rendering. Explicitly configure spring.jpa.open-in-view to disable this warning
2024-05-14 15:40:40,395 INFO  [main] org.springframework.security.web.DefaultSecurityFilterChain:Will not secure any request
2024-05-14 15:40:41,156 INFO  [main] org.springframework.boot.web.embedded.tomcat.TomcatWebServer:Tomcat started on port(s): 8080 (http) with context path ''
2024-05-14 15:40:41,184 INFO  [main] com.tpe.SpringJwtApplication:Started SpringJwtApplication in 11.984 seconds (JVM running for 13.129)
2024-05-14 15:41:50,630 INFO  [http-nio-8080-exec-2] org.apache.catalina.core.ContainerBase.[Tomcat].[localhost].[/]:Initializing Spring DispatcherServlet 'dispatcherServlet'
2024-05-14 15:48:31,883 INFO  [SpringApplicationShutdownHook] org.springframework.orm.jpa.LocalContainerEntityManagerFactoryBean:Closing JPA EntityManagerFactory for persistence unit 'default'
2024-05-14 15:48:31,901 INFO  [SpringApplicationShutdownHook] com.zaxxer.hikari.HikariDataSource:HikariPool-1 - Shutdown initiated...
2024-05-14 15:48:31,933 INFO  [SpringApplicationShutdownHook] com.zaxxer.hikari.HikariDataSource:HikariPool-1 - Shutdown completed.
2024-05-14 15:48:40,006 INFO  [main] com.tpe.SpringJwtApplication:Starting SpringJwtApplication using Java 17.0.11 on veli with PID 10436 (C:\Users\Administrator\Desktop\PROGRAMCILIK\SpringBoot\spring-jwt\spring-jwt\target\classes started by Administrator in C:\Users\Administrator\Desktop\PROGRAMCILIK\SpringBoot\spring-jwt)
2024-05-14 15:48:40,011 INFO  [main] com.tpe.SpringJwtApplication:No active profile set, falling back to 1 default profile: "default"
2024-05-14 15:48:42,060 INFO  [main] org.springframework.data.repository.config.RepositoryConfigurationDelegate:Bootstrapping Spring Data JPA repositories in DEFAULT mode.
2024-05-14 15:48:42,295 INFO  [main] org.springframework.data.repository.config.RepositoryConfigurationDelegate:Finished Spring Data repository scanning in 217 ms. Found 2 JPA repository interfaces.
2024-05-14 15:48:44,546 INFO  [main] org.springframework.boot.web.embedded.tomcat.TomcatWebServer:Tomcat initialized with port(s): 8080 (http)
2024-05-14 15:48:44,583 INFO  [main] org.apache.catalina.core.StandardService:Starting service [Tomcat]
2024-05-14 15:48:44,584 INFO  [main] org.apache.catalina.core.StandardEngine:Starting Servlet engine: [Apache Tomcat/9.0.58]
2024-05-14 15:48:44,912 INFO  [main] org.apache.catalina.core.ContainerBase.[Tomcat].[localhost].[/]:Initializing Spring embedded WebApplicationContext
2024-05-14 15:48:44,913 INFO  [main] org.springframework.boot.web.servlet.context.ServletWebServerApplicationContext:Root WebApplicationContext: initialization completed in 4806 ms
2024-05-14 15:48:45,460 INFO  [main] org.hibernate.jpa.internal.util.LogHelper:HHH000204: Processing PersistenceUnitInfo [name: default]
2024-05-14 15:48:45,694 INFO  [main] org.hibernate.Version:HHH000412: Hibernate ORM core version 5.6.5.Final
2024-05-14 15:48:46,491 INFO  [main] org.hibernate.annotations.common.Version:HCANN000001: Hibernate Commons Annotations {5.1.2.Final}
2024-05-14 15:48:47,173 INFO  [main] com.zaxxer.hikari.HikariDataSource:HikariPool-1 - Starting...
2024-05-14 15:48:47,902 INFO  [main] com.zaxxer.hikari.HikariDataSource:HikariPool-1 - Start completed.
2024-05-14 15:48:47,965 INFO  [main] org.hibernate.dialect.Dialect:HHH000400: Using dialect: org.hibernate.dialect.PostgreSQLDialect
2024-05-14 15:48:50,412 INFO  [main] org.hibernate.engine.transaction.jta.platform.internal.JtaPlatformInitiator:HHH000490: Using JtaPlatform implementation: [org.hibernate.engine.transaction.jta.platform.internal.NoJtaPlatform]
2024-05-14 15:48:50,431 INFO  [main] org.springframework.orm.jpa.LocalContainerEntityManagerFactoryBean:Initialized JPA EntityManagerFactory for persistence unit 'default'
2024-05-14 15:48:51,859 WARN  [main] org.springframework.boot.autoconfigure.orm.jpa.JpaBaseConfiguration$JpaWebConfiguration:spring.jpa.open-in-view is enabled by default. Therefore, database queries may be performed during view rendering. Explicitly configure spring.jpa.open-in-view to disable this warning
2024-05-14 15:48:53,022 INFO  [main] org.springframework.security.web.DefaultSecurityFilterChain:Will not secure any request
2024-05-14 15:48:53,979 INFO  [main] org.springframework.boot.web.embedded.tomcat.TomcatWebServer:Tomcat started on port(s): 8080 (http) with context path ''
2024-05-14 15:48:54,034 INFO  [main] com.tpe.SpringJwtApplication:Started SpringJwtApplication in 15.088 seconds (JVM running for 15.906)
2024-05-14 15:50:05,475 INFO  [http-nio-8080-exec-1] org.apache.catalina.core.ContainerBase.[Tomcat].[localhost].[/]:Initializing Spring DispatcherServlet 'dispatcherServlet'
2024-05-14 15:52:16,243 INFO  [SpringApplicationShutdownHook] org.springframework.orm.jpa.LocalContainerEntityManagerFactoryBean:Closing JPA EntityManagerFactory for persistence unit 'default'
2024-05-14 15:52:16,255 INFO  [SpringApplicationShutdownHook] com.zaxxer.hikari.HikariDataSource:HikariPool-1 - Shutdown initiated...
2024-05-14 15:52:16,295 INFO  [SpringApplicationShutdownHook] com.zaxxer.hikari.HikariDataSource:HikariPool-1 - Shutdown completed.
2024-05-14 15:52:30,163 INFO  [main] com.tpe.SpringJwtApplication:Starting SpringJwtApplication using Java 17.0.11 on veli with PID 18268 (C:\Users\Administrator\Desktop\PROGRAMCILIK\SpringBoot\spring-jwt\spring-jwt\target\classes started by Administrator in C:\Users\Administrator\Desktop\PROGRAMCILIK\SpringBoot\spring-jwt)
2024-05-14 15:52:30,228 INFO  [main] com.tpe.SpringJwtApplication:No active profile set, falling back to 1 default profile: "default"
2024-05-14 15:52:32,580 INFO  [main] org.springframework.data.repository.config.RepositoryConfigurationDelegate:Bootstrapping Spring Data JPA repositories in DEFAULT mode.
2024-05-14 15:52:32,719 INFO  [main] org.springframework.data.repository.config.RepositoryConfigurationDelegate:Finished Spring Data repository scanning in 122 ms. Found 2 JPA repository interfaces.
2024-05-14 15:52:35,968 INFO  [main] org.springframework.boot.web.embedded.tomcat.TomcatWebServer:Tomcat initialized with port(s): 8080 (http)
2024-05-14 15:52:35,995 INFO  [main] org.apache.catalina.core.StandardService:Starting service [Tomcat]
2024-05-14 15:52:35,995 INFO  [main] org.apache.catalina.core.StandardEngine:Starting Servlet engine: [Apache Tomcat/9.0.58]
2024-05-14 15:52:36,246 INFO  [main] org.apache.catalina.core.ContainerBase.[Tomcat].[localhost].[/]:Initializing Spring embedded WebApplicationContext
2024-05-14 15:52:36,248 INFO  [main] org.springframework.boot.web.servlet.context.ServletWebServerApplicationContext:Root WebApplicationContext: initialization completed in 5794 ms
2024-05-14 15:52:36,704 INFO  [main] org.hibernate.jpa.internal.util.LogHelper:HHH000204: Processing PersistenceUnitInfo [name: default]
2024-05-14 15:52:36,880 INFO  [main] org.hibernate.Version:HHH000412: Hibernate ORM core version 5.6.5.Final
2024-05-14 15:52:37,393 INFO  [main] org.hibernate.annotations.common.Version:HCANN000001: Hibernate Commons Annotations {5.1.2.Final}
2024-05-14 15:52:37,642 INFO  [main] com.zaxxer.hikari.HikariDataSource:HikariPool-1 - Starting...
2024-05-14 15:52:38,177 INFO  [main] com.zaxxer.hikari.HikariDataSource:HikariPool-1 - Start completed.
2024-05-14 15:52:38,217 INFO  [main] org.hibernate.dialect.Dialect:HHH000400: Using dialect: org.hibernate.dialect.PostgreSQLDialect
2024-05-14 15:52:39,934 INFO  [main] org.hibernate.engine.transaction.jta.platform.internal.JtaPlatformInitiator:HHH000490: Using JtaPlatform implementation: [org.hibernate.engine.transaction.jta.platform.internal.NoJtaPlatform]
2024-05-14 15:52:39,948 INFO  [main] org.springframework.orm.jpa.LocalContainerEntityManagerFactoryBean:Initialized JPA EntityManagerFactory for persistence unit 'default'
2024-05-14 15:52:40,803 WARN  [main] org.springframework.boot.autoconfigure.orm.jpa.JpaBaseConfiguration$JpaWebConfiguration:spring.jpa.open-in-view is enabled by default. Therefore, database queries may be performed during view rendering. Explicitly configure spring.jpa.open-in-view to disable this warning
2024-05-14 15:52:41,648 INFO  [main] org.springframework.security.web.DefaultSecurityFilterChain:Will not secure any request
2024-05-14 15:52:42,728 INFO  [main] org.springframework.boot.web.embedded.tomcat.TomcatWebServer:Tomcat started on port(s): 8080 (http) with context path ''
2024-05-14 15:52:42,765 INFO  [main] com.tpe.SpringJwtApplication:Started SpringJwtApplication in 13.884 seconds (JVM running for 15.191)
2024-05-14 15:53:09,374 INFO  [http-nio-8080-exec-2] org.apache.catalina.core.ContainerBase.[Tomcat].[localhost].[/]:Initializing Spring DispatcherServlet 'dispatcherServlet'
2024-05-14 15:53:13,453 WARN  [http-nio-8080-exec-3] org.springframework.web.servlet.mvc.support.DefaultHandlerExceptionResolver:Resolved [org.springframework.web.HttpRequestMethodNotSupportedException: Request method 'GET' not supported]
2024-05-14 16:12:09,580 INFO  [SpringApplicationShutdownHook] org.springframework.orm.jpa.LocalContainerEntityManagerFactoryBean:Closing JPA EntityManagerFactory for persistence unit 'default'
2024-05-14 16:12:09,706 INFO  [SpringApplicationShutdownHook] com.zaxxer.hikari.HikariDataSource:HikariPool-1 - Shutdown initiated...
2024-05-14 16:12:09,762 INFO  [SpringApplicationShutdownHook] com.zaxxer.hikari.HikariDataSource:HikariPool-1 - Shutdown completed.
2024-05-14 16:12:25,809 INFO  [main] com.tpe.SpringJwtApplication:Starting SpringJwtApplication using Java 17.0.11 on veli with PID 12440 (C:\Users\Administrator\Desktop\PROGRAMCILIK\SpringBoot\spring-jwt\spring-jwt\target\classes started by Administrator in C:\Users\Administrator\Desktop\PROGRAMCILIK\SpringBoot\spring-jwt)
2024-05-14 16:12:25,812 INFO  [main] com.tpe.SpringJwtApplication:No active profile set, falling back to 1 default profile: "default"
2024-05-14 16:12:28,164 INFO  [main] org.springframework.data.repository.config.RepositoryConfigurationDelegate:Bootstrapping Spring Data JPA repositories in DEFAULT mode.
2024-05-14 16:12:28,411 INFO  [main] org.springframework.data.repository.config.RepositoryConfigurationDelegate:Finished Spring Data repository scanning in 219 ms. Found 2 JPA repository interfaces.
2024-05-14 16:12:32,201 INFO  [main] org.springframework.boot.web.embedded.tomcat.TomcatWebServer:Tomcat initialized with port(s): 8080 (http)
2024-05-14 16:12:32,256 INFO  [main] org.apache.catalina.core.StandardService:Starting service [Tomcat]
2024-05-14 16:12:32,257 INFO  [main] org.apache.catalina.core.StandardEngine:Starting Servlet engine: [Apache Tomcat/9.0.58]
2024-05-14 16:12:33,082 INFO  [main] org.apache.catalina.core.ContainerBase.[Tomcat].[localhost].[/]:Initializing Spring embedded WebApplicationContext
2024-05-14 16:12:33,083 INFO  [main] org.springframework.boot.web.servlet.context.ServletWebServerApplicationContext:Root WebApplicationContext: initialization completed in 7118 ms
2024-05-14 16:12:34,511 INFO  [main] org.hibernate.jpa.internal.util.LogHelper:HHH000204: Processing PersistenceUnitInfo [name: default]
2024-05-14 16:12:35,080 INFO  [main] org.hibernate.Version:HHH000412: Hibernate ORM core version 5.6.5.Final
2024-05-14 16:12:36,196 INFO  [main] org.hibernate.annotations.common.Version:HCANN000001: Hibernate Commons Annotations {5.1.2.Final}
2024-05-14 16:12:36,665 INFO  [main] com.zaxxer.hikari.HikariDataSource:HikariPool-1 - Starting...
2024-05-14 16:12:37,222 INFO  [main] com.zaxxer.hikari.HikariDataSource:HikariPool-1 - Start completed.
2024-05-14 16:12:37,317 INFO  [main] org.hibernate.dialect.Dialect:HHH000400: Using dialect: org.hibernate.dialect.PostgreSQLDialect
2024-05-14 16:12:39,123 INFO  [main] org.hibernate.engine.transaction.jta.platform.internal.JtaPlatformInitiator:HHH000490: Using JtaPlatform implementation: [org.hibernate.engine.transaction.jta.platform.internal.NoJtaPlatform]
2024-05-14 16:12:39,138 INFO  [main] org.springframework.orm.jpa.LocalContainerEntityManagerFactoryBean:Initialized JPA EntityManagerFactory for persistence unit 'default'
2024-05-14 16:12:40,645 WARN  [main] org.springframework.boot.autoconfigure.orm.jpa.JpaBaseConfiguration$JpaWebConfiguration:spring.jpa.open-in-view is enabled by default. Therefore, database queries may be performed during view rendering. Explicitly configure spring.jpa.open-in-view to disable this warning
2024-05-14 16:12:41,608 INFO  [main] org.springframework.security.web.DefaultSecurityFilterChain:Will not secure any request
2024-05-14 16:12:43,110 INFO  [main] org.springframework.boot.web.embedded.tomcat.TomcatWebServer:Tomcat started on port(s): 8080 (http) with context path ''
2024-05-14 16:12:43,254 INFO  [main] com.tpe.SpringJwtApplication:Started SpringJwtApplication in 20.074 seconds (JVM running for 21.373)
2024-05-14 16:13:35,257 INFO  [http-nio-8080-exec-2] org.apache.catalina.core.ContainerBase.[Tomcat].[localhost].[/]:Initializing Spring DispatcherServlet 'dispatcherServlet'
2024-05-14 16:18:25,083 INFO  [SpringApplicationShutdownHook] org.springframework.orm.jpa.LocalContainerEntityManagerFactoryBean:Closing JPA EntityManagerFactory for persistence unit 'default'
2024-05-14 16:18:25,087 INFO  [SpringApplicationShutdownHook] com.zaxxer.hikari.HikariDataSource:HikariPool-1 - Shutdown initiated...
2024-05-14 16:18:25,100 INFO  [SpringApplicationShutdownHook] com.zaxxer.hikari.HikariDataSource:HikariPool-1 - Shutdown completed.
